#
# A fatal error has been detected by the Java Runtime Environment:
#
#  EXCEPTION_ACCESS_VIOLATION (0xc0000005) at pc=0x00007ffa38753004, pid=20168, tid=29216
#
# JRE version: OpenJDK Runtime Environment (24.0+36) (build 24+36-3646)
# Java VM: OpenJDK 64-Bit Server VM (24+36-3646, mixed mode, sharing, tiered, compressed oops, compressed class ptrs, g1 gc, windows-amd64)
# Problematic frame:
# C  [libasyncProfiler.dll+0x93004]
#
# No core dump will be written. Minidumps are not enabled by default on client versions of Windows
#
# JFR recording file will be written. Location: C:\Users\Lenovo\IdeaProjects\Synchronization\hs_err_pid20168.jfr
#
# If you would like to submit a bug report, please visit:
#   https://bugreport.java.com/bugreport/crash.jsp
# The crash happened outside the Java Virtual Machine in native code.
# See problematic frame for where to report the bug.
#

---------------  S U M M A R Y ------------

Command Line: -javaagent:C:\Users\Lenovo\AppData\Local\JetBrains\IntelliJ IDEA 2024.3.5\lib\idea_rt.jar=58311 -Dfile.encoding=UTF-8 -Dsun.stdout.encoding=UTF-8 -Dsun.stderr.encoding=UTF-8 Main

Host: 12th Gen Intel(R) Core(TM) i5-1235U, 12 cores, 15G,  Windows 11 , 64 bit Build 22621 (10.0.22621.5262)
Time: Thu May  8 00:19:05 2025  Windows 11 , 64 bit Build 22621 (10.0.22621.5262) elapsed time: 62.655972 seconds (0d 0h 1m 2s)

---------------  T H R E A D  ---------------

Current thread (0x0000016dde745010):  JavaThread "Attach Listener" daemon [_thread_in_native, id=29216, stack(0x0000001537700000,0x0000001537800000) (1024K)]

Stack: [0x0000001537700000,0x0000001537800000],  sp=0x00000015377ff250,  free space=1020k
Native frames: (J=compiled Java code, j=interpreted, Vv=VM code, C=native code)
C  [libasyncProfiler.dll+0x93004]  (no source info available)
C  [libasyncProfiler.dll+0x934db]  (no source info available)
C  [libasyncProfiler.dll+0x92134]  (no source info available)
C  [libasyncProfiler.dll+0x929aa]  (no source info available)
C  [libasyncProfiler.dll+0x8d561]  (no source info available)
C  [libasyncProfiler.dll+0x7ef21]  (no source info available)
C  [libasyncProfiler.dll+0x7dc38]  (no source info available)
C  [libasyncProfiler.dll+0x7db20]  (no source info available)
C  [libasyncProfiler.dll+0x84af9]  (no source info available)
V  [jvm.dll+0x57f1b7]  (no source info available)
V  [jvm.dll+0x57ff2c]  (no source info available)
V  [jvm.dll+0x14c9b7]  (no source info available)
V  [jvm.dll+0x14df81]  (no source info available)
V  [jvm.dll+0x42f566]  (no source info available)
V  [jvm.dll+0x87d8fb]  (no source info available)
V  [jvm.dll+0x72efe5]  (no source info available)
C  [ucrtbase.dll+0x29333]  (no source info available)
C  [KERNEL32.DLL+0x1259d]  (no source info available)
C  [ntdll.dll+0x5af58]  (no source info available)


siginfo: EXCEPTION_ACCESS_VIOLATION (0xc0000005), reading address 0xffffffffffffffff


Registers:
RAX=0x0000000000000010, RBX=0x0000000000000000, RCX=0xffffffffffffffff, RDX=0x007ffaa5342ff010
RSP=0x00000015377ff250, RBP=0x0000016dde80ed58, RSI=0x00000015377ff3c0, RDI=0x0000016dde80ed58
R8 =0x0000000000000042, R9 =0x0000000713e01ee8, R10=0x00007ffaa55b9fc0, R11=0x0000000000000002
R12=0x00000015377ff3c0, R13=0x0000016e2472aaa0, R14=0x0000016dde7453d8, R15=0x0000016dde7453d8
RIP=0x00007ffa38753004, EFLAGS=0x0000000000010202

XMM[0]=0x0000000000000000 0x0000000000000000
XMM[1]=0x0000000000000000 0x0000000000000000
XMM[2]=0x0000000000000000 0x0000000000000000
XMM[3]=0x0000000000000000 0x0000000000000000
XMM[4]=0x0000000000000000 0x0000000000000000
XMM[5]=0x0000000000000000 0x0000000000000000
XMM[6]=0x0000000000000000 0x0000000000000000
XMM[7]=0x0000000000000000 0x0000000000000000
XMM[8]=0x0000000000000000 0x0000000000000000
XMM[9]=0x0000000000000000 0x0000000000000000
XMM[10]=0x0000000000000000 0x0000000000000000
XMM[11]=0x0000000000000000 0x0000000000000000
XMM[12]=0x0000000000000000 0x0000000000000000
XMM[13]=0x0000000000000000 0x0000000000000000
XMM[14]=0x0000000000000000 0x0000000000000000
XMM[15]=0x0000000000000000 0x0000000000000000
  MXCSR=0x00001fa0


Register to memory mapping:

RAX=0x0000000000000010 is an unknown value
RBX=0x0 is null
RCX=0xffffffffffffffff is an unknown value
RDX=0x007ffaa5342ff010 is an unknown value
RSP=0x00000015377ff250 is pointing into the stack for thread: 0x0000016dde745010
RBP=0x0000016dde80ed58 points into unknown readable memory: 0x0000000713e01ee8 | e8 1e e0 13 07 00 00 00
RSI=0x00000015377ff3c0 is pointing into the stack for thread: 0x0000016dde745010
RDI=0x0000016dde80ed58 points into unknown readable memory: 0x0000000713e01ee8 | e8 1e e0 13 07 00 00 00
R8 =0x0000000000000042 is an unknown value
R9 =0x0000000713e01ee8 is an oop: java.lang.Thread 
{0x0000000713e01ee8} - klass: 'java/lang/Thread' - flags: 

 - ---- fields (total size 14 words):
 - 'threadLocalRandomProbe' 'I' @12  0 (0x00000000)
 - private volatile 'eetop' 'J' @16  1570827286336 (0x0000016dbc9a3740)
 - private final 'tid' 'J' @24  3 (0x0000000000000003)
 - 'threadLocalRandomSeed' 'J' @32  0 (0x0000000000000000)
 - injected 'jvmti_thread_state' 'J' @40  1572568856656 (0x0000016e24687850)
 - 'threadLocalRandomSecondarySeed' 'I' @48  0 (0x00000000)
 - injected 'jvmti_VTMS_transition_disable_count' 'I' @52  0 (0x00000000)
 - injected 'jfr_epoch' 'S' @56  0 (0x0000)
 - volatile 'interrupted' 'Z' @58  false (0x00)
 - injected 'jvmti_is_in_VTMS_transition' 'Z' @59  false (0x00)
 - private volatile 'name' 'Ljava/lang/String;' @60  "main"{0x0000000713e01f58} (0xe27c03eb)
 - private volatile 'contextClassLoader' 'Ljava/lang/ClassLoader;' @64  a 'jdk/internal/loader/ClassLoaders$AppClassLoader'{0x0000000713e180c0} (0xe27c3018)
 - private final 'holder' 'Ljava/lang/Thread$FieldHolder;' @68  a 'java/lang/Thread$FieldHolder'{0x0000000713e01f98} (0xe27c03f3)
 - 'threadLocals' 'Ljava/lang/ThreadLocal$ThreadLocalMap;' @72  a 'java/lang/ThreadLocal$ThreadLocalMap'{0x0000000713c3fbe0} (0xe2787f7c)
 - 'inheritableThreadLocals' 'Ljava/lang/ThreadLocal$ThreadLocalMap;' @76  null (0x00000000)
 - private 'scopedValueBindings' 'Ljava/lang/Object;' @80  a 'java/lang/Class'{0x00000007ffe7c280} = 'java/lang/Thread' (0xfffcf850)
 - final 'interruptLock' 'Ljava/lang/Object;' @84  a 'java/lang/Object'{0x0000000713e01f88} (0xe27c03f1)
 - private volatile 'parkBlocker' 'Ljava/lang/Object;' @88  null (0x00000000)
 - private 'nioBlocker' 'Lsun/nio/ch/Interruptible;' @92  null (0x00000000)
 - private 'cont' 'Ljdk/internal/vm/Continuation;' @96  null (0x00000000)
 - private volatile 'uncaughtExceptionHandler' 'Ljava/lang/Thread$UncaughtExceptionHandler;' @100  null (0x00000000)
 - private 'container' 'Ljdk/internal/vm/ThreadContainer;' @104  null (0x00000000)
 - private volatile 'headStackableScopes' 'Ljdk/internal/vm/StackableScope;' @108  null (0x00000000)
R10=0x00007ffaa55b9fc0 jvm.dll
R11=0x0000000000000002 is an unknown value
R12=0x00000015377ff3c0 is pointing into the stack for thread: 0x0000016dde745010
R13=0x0000016e2472aaa0 points into unknown readable memory: 0x00007ffaa552a510 | 10 a5 52 a5 fa 7f 00 00
R14=0x0000016dde7453d8 points into unknown readable memory: 0x00007ffaa55217b0 | b0 17 52 a5 fa 7f 00 00
R15=0x0000016dde7453d8 points into unknown readable memory: 0x00007ffaa55217b0 | b0 17 52 a5 fa 7f 00 00

Top of Stack: (sp=0x00000015377ff250)
0x00000015377ff250:   00000015377ff3c0 0000016dde80ed58   ...7....X...m...
0x00000015377ff260:   0000000000000000 0000016dde745760   ........`Wt.m...
0x00000015377ff270:   000000000000001c 00007ffa387534db   .........4u8....
0x00000015377ff280:   0000000000000000 0000016dde7453d8   .........St.m...
0x00000015377ff290:   00000015377ff301 0000000000000000   ...7............
0x00000015377ff2a0:   0000016e242429b0 00007ffa38752134   .)$$n...4!u8....
0x00000015377ff2b0:   0000000000000000 000000000000001c   ................
0x00000015377ff2c0:   0000000000000000 000000000000001c   ................
0x00000015377ff2d0:   0000000e258db040 0000016e24242730   @..%....0'$$n...
0x00000015377ff2e0:   0000016e242429b0 0000016e24242a20   .)$$n... *$$n...
0x00000015377ff2f0:   0000016e24242a20 0000000000008454    *$$n...T.......
0x00000015377ff300:   0000000000000000 0000000000000000   ................
0x00000015377ff310:   0000000000000000 00007ffaa4d858e4   .........X......
0x00000015377ff320:   00007ffa388aae00 0000000000004ec8   ...8.....N......
0x00000015377ff330:   00007ffa388aae00 00000000ffffffff   ...8............
0x00000015377ff340:   0000000000000000 00007ffa387529aa   .........)u8....
0x00000015377ff350:   0000016dde7453d8 0000000000000000   .St.m...........
0x00000015377ff360:   00000015377ff3c9 0000016e2472aaa0   ...7......r$n...
0x00000015377ff370:   0000000000000003 0000000000000048   ........H.......
0x00000015377ff380:   0000000800800310 0000000000000020   ........ .......
0x00000015377ff390:   0000016dde7453d8 00007ffa388aae00   .St.m......8....
0x00000015377ff3a0:   0000016dbed9f120 0000016e24687850    ...m...Pxh$n...
0x00000015377ff3b0:   0000000800800390 0000016dde7453d8   .........St.m...
0x00000015377ff3c0:   0000016e249313a0 0000016e24931720   ...$n... ..$n...
0x00000015377ff3d0:   0000016e24931720 00007ffa388aae00    ..$n......8....
0x00000015377ff3e0:   0000016dde817620 0000016dbc970000    v..m.......m...
0x00000015377ff3f0:   00000015377ff690 0000000000008840   ...7....@.......
0x00000015377ff400:   00000015377ff870 00007ffa388aae50   p..7....P..8....
0x00000015377ff410:   0000000000989680 0000000000989680   ................
0x00000015377ff420:   00000015377ff530 00007ffa3874d561   0..7....a.t8....
0x00000015377ff430:   00007ffa388aae00 00007ffa388aae58   ...8....X..8....
0x00000015377ff440:   00007ffa00000000 00007ffa00000001   ................

Instructions: (pc=0x00007ffa38753004)
  0x00007ffa38752f04:   cc cc cc cc cc cc cc cc cc cc cc cc cc cc cc cc
  0x00007ffa38752f14:   cc cc cc cc cc cc cc cc cc cc cc cc cc cc cc cc
  0x00007ffa38752f24:   cc cc cc cc cc cc cc cc cc cc cc cc cc cc cc cc
  0x00007ffa38752f34:   cc cc cc cc cc cc cc cc cc cc cc cc cc cc cc cc
  0x00007ffa38752f44:   cc cc cc cc cc cc cc cc cc cc cc cc cc cc cc cc
  0x00007ffa38752f54:   cc cc cc cc cc cc cc cc cc cc cc cc cc cc cc cc
  0x00007ffa38752f64:   cc cc cc cc cc cc cc cc cc cc cc cc cc cc cc cc
  0x00007ffa38752f74:   cc cc cc cc cc cc cc cc cc cc cc cc cc cc cc cc
  0x00007ffa38752f84:   cc cc cc cc cc cc cc cc cc cc cc cc 40 57 48 83
  0x00007ffa38752f94:   ec 20 48 8b f9 48 8b 0d 30 80 15 00 48 85 c9 74
  0x00007ffa38752fa4:   20 48 8b 01 48 8d 54 24 38 41 b8 06 00 01 00 4c
  0x00007ffa38752fb4:   8b 48 30 41 ff d1 85 c0 75 07 48 8b 4c 24 38 eb
  0x00007ffa38752fc4:   02 33 c9 4c 8b 05 0a 81 15 00 48 89 5c 24 30 4d
  0x00007ffa38752fd4:   85 c0 74 4a 48 8b 01 48 8b d7 4c 8b 88 28 03 00
  0x00007ffa38752fe4:   00 41 ff d1 48 85 c0 74 35 48 63 0d b8 3d 15 00
  0x00007ffa38752ff4:   48 8b 14 01 48 85 d2 74 15 48 63 05 bc 3d 15 00
=>0x00007ffa38753004:   8b 04 10 48 8b 5c 24 30 48 83 c4 20 5f c3 b8 ff
  0x00007ffa38753014:   ff ff ff 48 8b 5c 24 30 48 83 c4 20 5f c3 80 3d
  0x00007ffa38753024:   bb 7f 15 00 00 bb ff ff ff ff 74 20 4c 8b 0d 51
  0x00007ffa38753034:   7c 15 00 4c 8d 44 24 38 48 8b 0d 35 7c 15 00 48
  0x00007ffa38753044:   8b d7 41 ff d1 85 c0 0f 44 5c 24 38 8b c3 48 8b
  0x00007ffa38753054:   5c 24 30 48 83 c4 20 5f c3 cc cc cc cc cc cc cc
  0x00007ffa38753064:   cc cc cc cc cc cc cc cc cc cc cc cc cc cc cc cc
  0x00007ffa38753074:   cc cc cc cc cc cc cc cc cc cc cc cc cc cc cc cc
  0x00007ffa38753084:   cc cc cc cc cc cc cc cc cc cc cc cc 48 89 54 24
  0x00007ffa38753094:   10 53 55 56 57 41 56 41 57 48 83 ec 28 48 8b f2
  0x00007ffa387530a4:   4c 8b f1 48 89 4c 24 78 45 33 ff 44 89 7c 24 68
  0x00007ffa387530b4:   c7 44 24 60 01 00 00 00 48 8d 4c 24 68 e8 69 3c
  0x00007ffa387530c4:   f7 ff 8b d8 48 8d 4c 24 60 e8 5d 3c f7 ff 8b e8
  0x00007ffa387530d4:   49 8b ce e8 33 f3 f6 ff 48 8b f8 90 8b c3 f0 0f
  0x00007ffa387530e4:   b1 2f 74 04 f3 90 eb f4 4c 89 3e 4c 89 7e 08 4c
  0x00007ffa387530f4:   89 7e 10 49 8b 6e 08 4d 8b 76 10 49 3b ee 0f 84


Stack slot to memory mapping:

stack at sp + 0 slots: 0x00000015377ff3c0 is pointing into the stack for thread: 0x0000016dde745010
stack at sp + 1 slots: 0x0000016dde80ed58 points into unknown readable memory: 0x0000000713e01ee8 | e8 1e e0 13 07 00 00 00
stack at sp + 2 slots: 0x0 is null
stack at sp + 3 slots: 0x0000016dde745760 points into unknown readable memory: 0x6e616c2e6176616a | 6a 61 76 61 2e 6c 61 6e
stack at sp + 4 slots: 0x000000000000001c is an unknown value
stack at sp + 5 slots: 0x00007ffa387534db libasyncProfiler.dll
stack at sp + 6 slots: 0x0 is null
stack at sp + 7 slots: 0x0000016dde7453d8 points into unknown readable memory: 0x00007ffaa55217b0 | b0 17 52 a5 fa 7f 00 00

Lock stack of current Java thread (top to bottom):


---------------  P R O C E S S  ---------------

Threads class SMR info:
_java_thread_list=0x0000016e24995bb0, length=18, elements={
0x0000016dbc9a3740, 0x0000016dde71dac0, 0x0000016dde71e6c0, 0x0000016dde722260,
0x0000016dde745010, 0x0000016dde746490, 0x0000016dde746fd0, 0x0000016dde748c60,
0x0000016dde74bf90, 0x0000016dde7fc2c0, 0x0000016dde9345c0, 0x0000016dde935110,
0x0000016e245f1870, 0x0000016e245f1fc0, 0x0000016e245f2e60, 0x0000016e245f2710,
0x0000016e26a3bae0, 0x0000016e26a3b390
}

Java Threads: ( => current thread )
  0x0000016dbc9a3740 JavaThread "main"                              [_thread_blocked, id=15312, stack(0x0000001536c00000,0x0000001536d00000) (1024K)]
  0x0000016dde71dac0 JavaThread "Reference Handler"          daemon [_thread_blocked, id=33284, stack(0x0000001537400000,0x0000001537500000) (1024K)]
  0x0000016dde71e6c0 JavaThread "Finalizer"                  daemon [_thread_blocked, id=3208, stack(0x0000001537500000,0x0000001537600000) (1024K)]
  0x0000016dde722260 JavaThread "Signal Dispatcher"          daemon [_thread_blocked, id=16328, stack(0x0000001537600000,0x0000001537700000) (1024K)]
=>0x0000016dde745010 JavaThread "Attach Listener"            daemon [_thread_in_native, id=29216, stack(0x0000001537700000,0x0000001537800000) (1024K)]
  0x0000016dde746490 JavaThread "Service Thread"             daemon [_thread_blocked, id=24872, stack(0x0000001537800000,0x0000001537900000) (1024K)]
  0x0000016dde746fd0 JavaThread "Monitor Deflation Thread"   daemon [_thread_blocked, id=13156, stack(0x0000001537900000,0x0000001537a00000) (1024K)]
  0x0000016dde748c60 JavaThread "C2 CompilerThread0"         daemon [_thread_blocked, id=816, stack(0x0000001537a00000,0x0000001537b00000) (1024K)]
  0x0000016dde74bf90 JavaThread "C1 CompilerThread0"         daemon [_thread_blocked, id=9988, stack(0x0000001537b00000,0x0000001537c00000) (1024K)]
  0x0000016dde7fc2c0 JavaThread "Common-Cleaner"             daemon [_thread_blocked, id=31720, stack(0x0000001537c00000,0x0000001537d00000) (1024K)]
  0x0000016dde9345c0 JavaThread "Monitor Ctrl-Break"         daemon [_thread_in_native, id=32052, stack(0x0000001537d00000,0x0000001537e00000) (1024K)]
  0x0000016dde935110 JavaThread "Notification Thread"        daemon [_thread_blocked, id=25280, stack(0x0000001537e00000,0x0000001537f00000) (1024K)]
  0x0000016e245f1870 JavaThread "RMI TCP Accept-0"           daemon [_thread_in_native, id=31128, stack(0x0000001538100000,0x0000001538200000) (1024K)]
  0x0000016e245f1fc0 JavaThread "RMI TCP Connection(1)-192.168.0.104" daemon [_thread_in_native, id=32048, stack(0x0000001538200000,0x0000001538300000) (1024K)]
  0x0000016e245f2e60 JavaThread "RMI Scheduler(0)"           daemon [_thread_blocked, id=27084, stack(0x0000001538300000,0x0000001538400000) (1024K)]
  0x0000016e245f2710 JavaThread "JMX server connection timeout 31" daemon [_thread_blocked, id=29152, stack(0x0000001538400000,0x0000001538500000) (1024K)]
  0x0000016e26a3bae0 JavaThread "JFR Recorder Thread"        daemon [_thread_in_native, id=14640, stack(0x0000001536900000,0x0000001536a00000) (1024K)]
  0x0000016e26a3b390 JavaThread "JFR Periodic Tasks"         daemon [_thread_blocked, id=33876, stack(0x0000001537f00000,0x0000001538000000) (1024K)]
Total: 18

Other Threads:
  0x0000016dde70cbe0 VMThread "VM Thread"                           [id=25796, stack(0x0000001537300000,0x0000001537400000) (1024K)]
  0x0000016dde6fdf10 WatcherThread "VM Periodic Task Thread"        [id=11684, stack(0x0000001537200000,0x0000001537300000) (1024K)]
  0x0000016dbed63200 WorkerThread "GC Thread#0"                     [id=24420, stack(0x0000001536d00000,0x0000001536e00000) (1024K)]
  0x0000016dbed77e80 ConcurrentGCThread "G1 Main Marker"            [id=33560, stack(0x0000001536e00000,0x0000001536f00000) (1024K)]
  0x0000016dbed78990 WorkerThread "G1 Conc#0"                       [id=12688, stack(0x0000001536f00000,0x0000001537000000) (1024K)]
  0x0000016dde5c09c0 ConcurrentGCThread "G1 Refine#0"               [id=13948, stack(0x0000001537000000,0x0000001537100000) (1024K)]
  0x0000016dde5c1540 ConcurrentGCThread "G1 Service"                [id=19712, stack(0x0000001537100000,0x0000001537200000) (1024K)]
Total: 7

Threads with active compile tasks:
Total: 0

VM state: not at safepoint (normal execution)

VM Mutex/Monitor currently owned by a thread: None

Heap address: 0x0000000704400000, size: 4028 MB, Compressed Oops mode: Zero based, Oop shift amount: 3

CDS archive(s) mapped at: [0x0000016ddf000000-0x0000016ddfd40000-0x0000016ddfd40000), size 13893632, SharedBaseAddress: 0x0000016ddf000000, ArchiveRelocationMode: 1.
Compressed class space mapped at: 0x0000016de0000000-0x0000016e20000000, reserved size: 1073741824
UseCompressedClassPointers 1, UseCompactObjectHeaders 0
Narrow klass pointer bits 32, Max shift 3
Narrow klass base: 0x0000016ddf000000, Narrow klass shift: 0
Encoding Range: [0x0000016ddf000000 - 0x0000016edf000000), (4294967296 bytes)
Klass Range:    [0x0000016ddf000000 - 0x0000016e20000000), (1090519040 bytes)
Klass ID Range:  [8 - 1090519033) (1090519025)

GC Precious Log:
 CardTable entry size: 512
 Card Set container configuration: InlinePtr #cards 4 size 8 Array Of Cards #cards 16 size 48 Howl #buckets 8 coarsen threshold 3686 Howl Bitmap #cards 512 size 80 coarsen threshold 460 Card regions per heap region 1 cards per card region 4096
 CPUs: 12 total, 12 available
 Memory: 16108M
 Large Page Support: Disabled
 NUMA Support: Disabled
 Compressed Oops: Enabled (Zero based)
 Heap Region Size: 2M
 Heap Min Capacity: 8M
 Heap Initial Capacity: 252M
 Heap Max Capacity: 4028M
 Pre-touch: Disabled
 Parallel Workers: 10
 Concurrent Workers: 3
 Concurrent Refinement Workers: 10
 Periodic GC: Disabled

Heap:
 garbage-first heap   total reserved 4124672K, committed 260096K, used 40048K [0x0000000704400000, 0x0000000800000000)
  region size 2048K, 18 young (36864K), 0 survivors (0K)
 Metaspace       used 7997K, committed 8256K, reserved 1114112K
  class space    used 734K, committed 832K, reserved 1048576K

Heap Regions: E=young(eden), S=young(survivor), O=old, HS=humongous(starts), HC=humongous(continues), CS=collection set, F=free, TAMS=top-at-mark-start, PB=parsable bottom
|   0|0x0000000704400000, 0x0000000704600000, 0x0000000704600000|100%|HS|  |TAMS 0x0000000704400000| PB 0x0000000704400000| Complete |  0
|   1|0x0000000704600000, 0x0000000704800000, 0x0000000704800000|100%|HC|  |TAMS 0x0000000704600000| PB 0x0000000704600000| Complete |  0
|   2|0x0000000704800000, 0x0000000704800000, 0x0000000704a00000|  0%| F|  |TAMS 0x0000000704800000| PB 0x0000000704800000| Untracked |  0
|   3|0x0000000704a00000, 0x0000000704a00000, 0x0000000704c00000|  0%| F|  |TAMS 0x0000000704a00000| PB 0x0000000704a00000| Untracked |  0
|   4|0x0000000704c00000, 0x0000000704c00000, 0x0000000704e00000|  0%| F|  |TAMS 0x0000000704c00000| PB 0x0000000704c00000| Untracked |  0
|   5|0x0000000704e00000, 0x0000000704e00000, 0x0000000705000000|  0%| F|  |TAMS 0x0000000704e00000| PB 0x0000000704e00000| Untracked |  0
|   6|0x0000000705000000, 0x0000000705000000, 0x0000000705200000|  0%| F|  |TAMS 0x0000000705000000| PB 0x0000000705000000| Untracked |  0
|   7|0x0000000705200000, 0x0000000705200000, 0x0000000705400000|  0%| F|  |TAMS 0x0000000705200000| PB 0x0000000705200000| Untracked |  0
|   8|0x0000000705400000, 0x0000000705400000, 0x0000000705600000|  0%| F|  |TAMS 0x0000000705400000| PB 0x0000000705400000| Untracked |  0
|   9|0x0000000705600000, 0x0000000705600000, 0x0000000705800000|  0%| F|  |TAMS 0x0000000705600000| PB 0x0000000705600000| Untracked |  0
|  10|0x0000000705800000, 0x0000000705800000, 0x0000000705a00000|  0%| F|  |TAMS 0x0000000705800000| PB 0x0000000705800000| Untracked |  0
|  11|0x0000000705a00000, 0x0000000705a00000, 0x0000000705c00000|  0%| F|  |TAMS 0x0000000705a00000| PB 0x0000000705a00000| Untracked |  0
|  12|0x0000000705c00000, 0x0000000705c00000, 0x0000000705e00000|  0%| F|  |TAMS 0x0000000705c00000| PB 0x0000000705c00000| Untracked |  0
|  13|0x0000000705e00000, 0x0000000705e00000, 0x0000000706000000|  0%| F|  |TAMS 0x0000000705e00000| PB 0x0000000705e00000| Untracked |  0
|  14|0x0000000706000000, 0x0000000706000000, 0x0000000706200000|  0%| F|  |TAMS 0x0000000706000000| PB 0x0000000706000000| Untracked |  0
|  15|0x0000000706200000, 0x0000000706200000, 0x0000000706400000|  0%| F|  |TAMS 0x0000000706200000| PB 0x0000000706200000| Untracked |  0
|  16|0x0000000706400000, 0x0000000706400000, 0x0000000706600000|  0%| F|  |TAMS 0x0000000706400000| PB 0x0000000706400000| Untracked |  0
|  17|0x0000000706600000, 0x0000000706600000, 0x0000000706800000|  0%| F|  |TAMS 0x0000000706600000| PB 0x0000000706600000| Untracked |  0
|  18|0x0000000706800000, 0x0000000706800000, 0x0000000706a00000|  0%| F|  |TAMS 0x0000000706800000| PB 0x0000000706800000| Untracked |  0
|  19|0x0000000706a00000, 0x0000000706a00000, 0x0000000706c00000|  0%| F|  |TAMS 0x0000000706a00000| PB 0x0000000706a00000| Untracked |  0
|  20|0x0000000706c00000, 0x0000000706c00000, 0x0000000706e00000|  0%| F|  |TAMS 0x0000000706c00000| PB 0x0000000706c00000| Untracked |  0
|  21|0x0000000706e00000, 0x0000000706e00000, 0x0000000707000000|  0%| F|  |TAMS 0x0000000706e00000| PB 0x0000000706e00000| Untracked |  0
|  22|0x0000000707000000, 0x0000000707000000, 0x0000000707200000|  0%| F|  |TAMS 0x0000000707000000| PB 0x0000000707000000| Untracked |  0
|  23|0x0000000707200000, 0x0000000707200000, 0x0000000707400000|  0%| F|  |TAMS 0x0000000707200000| PB 0x0000000707200000| Untracked |  0
|  24|0x0000000707400000, 0x0000000707400000, 0x0000000707600000|  0%| F|  |TAMS 0x0000000707400000| PB 0x0000000707400000| Untracked |  0
|  25|0x0000000707600000, 0x0000000707600000, 0x0000000707800000|  0%| F|  |TAMS 0x0000000707600000| PB 0x0000000707600000| Untracked |  0
|  26|0x0000000707800000, 0x0000000707800000, 0x0000000707a00000|  0%| F|  |TAMS 0x0000000707800000| PB 0x0000000707800000| Untracked |  0
|  27|0x0000000707a00000, 0x0000000707a00000, 0x0000000707c00000|  0%| F|  |TAMS 0x0000000707a00000| PB 0x0000000707a00000| Untracked |  0
|  28|0x0000000707c00000, 0x0000000707c00000, 0x0000000707e00000|  0%| F|  |TAMS 0x0000000707c00000| PB 0x0000000707c00000| Untracked |  0
|  29|0x0000000707e00000, 0x0000000707e00000, 0x0000000708000000|  0%| F|  |TAMS 0x0000000707e00000| PB 0x0000000707e00000| Untracked |  0
|  30|0x0000000708000000, 0x0000000708000000, 0x0000000708200000|  0%| F|  |TAMS 0x0000000708000000| PB 0x0000000708000000| Untracked |  0
|  31|0x0000000708200000, 0x0000000708200000, 0x0000000708400000|  0%| F|  |TAMS 0x0000000708200000| PB 0x0000000708200000| Untracked |  0
|  32|0x0000000708400000, 0x0000000708400000, 0x0000000708600000|  0%| F|  |TAMS 0x0000000708400000| PB 0x0000000708400000| Untracked |  0
|  33|0x0000000708600000, 0x0000000708600000, 0x0000000708800000|  0%| F|  |TAMS 0x0000000708600000| PB 0x0000000708600000| Untracked |  0
|  34|0x0000000708800000, 0x0000000708800000, 0x0000000708a00000|  0%| F|  |TAMS 0x0000000708800000| PB 0x0000000708800000| Untracked |  0
|  35|0x0000000708a00000, 0x0000000708a00000, 0x0000000708c00000|  0%| F|  |TAMS 0x0000000708a00000| PB 0x0000000708a00000| Untracked |  0
|  36|0x0000000708c00000, 0x0000000708c00000, 0x0000000708e00000|  0%| F|  |TAMS 0x0000000708c00000| PB 0x0000000708c00000| Untracked |  0
|  37|0x0000000708e00000, 0x0000000708e00000, 0x0000000709000000|  0%| F|  |TAMS 0x0000000708e00000| PB 0x0000000708e00000| Untracked |  0
|  38|0x0000000709000000, 0x0000000709000000, 0x0000000709200000|  0%| F|  |TAMS 0x0000000709000000| PB 0x0000000709000000| Untracked |  0
|  39|0x0000000709200000, 0x0000000709200000, 0x0000000709400000|  0%| F|  |TAMS 0x0000000709200000| PB 0x0000000709200000| Untracked |  0
|  40|0x0000000709400000, 0x0000000709400000, 0x0000000709600000|  0%| F|  |TAMS 0x0000000709400000| PB 0x0000000709400000| Untracked |  0
|  41|0x0000000709600000, 0x0000000709600000, 0x0000000709800000|  0%| F|  |TAMS 0x0000000709600000| PB 0x0000000709600000| Untracked |  0
|  42|0x0000000709800000, 0x0000000709800000, 0x0000000709a00000|  0%| F|  |TAMS 0x0000000709800000| PB 0x0000000709800000| Untracked |  0
|  43|0x0000000709a00000, 0x0000000709a00000, 0x0000000709c00000|  0%| F|  |TAMS 0x0000000709a00000| PB 0x0000000709a00000| Untracked |  0
|  44|0x0000000709c00000, 0x0000000709c00000, 0x0000000709e00000|  0%| F|  |TAMS 0x0000000709c00000| PB 0x0000000709c00000| Untracked |  0
|  45|0x0000000709e00000, 0x0000000709e00000, 0x000000070a000000|  0%| F|  |TAMS 0x0000000709e00000| PB 0x0000000709e00000| Untracked |  0
|  46|0x000000070a000000, 0x000000070a000000, 0x000000070a200000|  0%| F|  |TAMS 0x000000070a000000| PB 0x000000070a000000| Untracked |  0
|  47|0x000000070a200000, 0x000000070a200000, 0x000000070a400000|  0%| F|  |TAMS 0x000000070a200000| PB 0x000000070a200000| Untracked |  0
|  48|0x000000070a400000, 0x000000070a400000, 0x000000070a600000|  0%| F|  |TAMS 0x000000070a400000| PB 0x000000070a400000| Untracked |  0
|  49|0x000000070a600000, 0x000000070a600000, 0x000000070a800000|  0%| F|  |TAMS 0x000000070a600000| PB 0x000000070a600000| Untracked |  0
|  50|0x000000070a800000, 0x000000070a800000, 0x000000070aa00000|  0%| F|  |TAMS 0x000000070a800000| PB 0x000000070a800000| Untracked |  0
|  51|0x000000070aa00000, 0x000000070aa00000, 0x000000070ac00000|  0%| F|  |TAMS 0x000000070aa00000| PB 0x000000070aa00000| Untracked |  0
|  52|0x000000070ac00000, 0x000000070ac00000, 0x000000070ae00000|  0%| F|  |TAMS 0x000000070ac00000| PB 0x000000070ac00000| Untracked |  0
|  53|0x000000070ae00000, 0x000000070ae00000, 0x000000070b000000|  0%| F|  |TAMS 0x000000070ae00000| PB 0x000000070ae00000| Untracked |  0
|  54|0x000000070b000000, 0x000000070b000000, 0x000000070b200000|  0%| F|  |TAMS 0x000000070b000000| PB 0x000000070b000000| Untracked |  0
|  55|0x000000070b200000, 0x000000070b200000, 0x000000070b400000|  0%| F|  |TAMS 0x000000070b200000| PB 0x000000070b200000| Untracked |  0
|  56|0x000000070b400000, 0x000000070b400000, 0x000000070b600000|  0%| F|  |TAMS 0x000000070b400000| PB 0x000000070b400000| Untracked |  0
|  57|0x000000070b600000, 0x000000070b600000, 0x000000070b800000|  0%| F|  |TAMS 0x000000070b600000| PB 0x000000070b600000| Untracked |  0
|  58|0x000000070b800000, 0x000000070b800000, 0x000000070ba00000|  0%| F|  |TAMS 0x000000070b800000| PB 0x000000070b800000| Untracked |  0
|  59|0x000000070ba00000, 0x000000070ba00000, 0x000000070bc00000|  0%| F|  |TAMS 0x000000070ba00000| PB 0x000000070ba00000| Untracked |  0
|  60|0x000000070bc00000, 0x000000070bc00000, 0x000000070be00000|  0%| F|  |TAMS 0x000000070bc00000| PB 0x000000070bc00000| Untracked |  0
|  61|0x000000070be00000, 0x000000070be00000, 0x000000070c000000|  0%| F|  |TAMS 0x000000070be00000| PB 0x000000070be00000| Untracked |  0
|  62|0x000000070c000000, 0x000000070c000000, 0x000000070c200000|  0%| F|  |TAMS 0x000000070c000000| PB 0x000000070c000000| Untracked |  0
|  63|0x000000070c200000, 0x000000070c200000, 0x000000070c400000|  0%| F|  |TAMS 0x000000070c200000| PB 0x000000070c200000| Untracked |  0
|  64|0x000000070c400000, 0x000000070c400000, 0x000000070c600000|  0%| F|  |TAMS 0x000000070c400000| PB 0x000000070c400000| Untracked |  0
|  65|0x000000070c600000, 0x000000070c600000, 0x000000070c800000|  0%| F|  |TAMS 0x000000070c600000| PB 0x000000070c600000| Untracked |  0
|  66|0x000000070c800000, 0x000000070c800000, 0x000000070ca00000|  0%| F|  |TAMS 0x000000070c800000| PB 0x000000070c800000| Untracked |  0
|  67|0x000000070ca00000, 0x000000070ca00000, 0x000000070cc00000|  0%| F|  |TAMS 0x000000070ca00000| PB 0x000000070ca00000| Untracked |  0
|  68|0x000000070cc00000, 0x000000070cc00000, 0x000000070ce00000|  0%| F|  |TAMS 0x000000070cc00000| PB 0x000000070cc00000| Untracked |  0
|  69|0x000000070ce00000, 0x000000070ce00000, 0x000000070d000000|  0%| F|  |TAMS 0x000000070ce00000| PB 0x000000070ce00000| Untracked |  0
|  70|0x000000070d000000, 0x000000070d000000, 0x000000070d200000|  0%| F|  |TAMS 0x000000070d000000| PB 0x000000070d000000| Untracked |  0
|  71|0x000000070d200000, 0x000000070d200000, 0x000000070d400000|  0%| F|  |TAMS 0x000000070d200000| PB 0x000000070d200000| Untracked |  0
|  72|0x000000070d400000, 0x000000070d400000, 0x000000070d600000|  0%| F|  |TAMS 0x000000070d400000| PB 0x000000070d400000| Untracked |  0
|  73|0x000000070d600000, 0x000000070d600000, 0x000000070d800000|  0%| F|  |TAMS 0x000000070d600000| PB 0x000000070d600000| Untracked |  0
|  74|0x000000070d800000, 0x000000070d800000, 0x000000070da00000|  0%| F|  |TAMS 0x000000070d800000| PB 0x000000070d800000| Untracked |  0
|  75|0x000000070da00000, 0x000000070da00000, 0x000000070dc00000|  0%| F|  |TAMS 0x000000070da00000| PB 0x000000070da00000| Untracked |  0
|  76|0x000000070dc00000, 0x000000070dc00000, 0x000000070de00000|  0%| F|  |TAMS 0x000000070dc00000| PB 0x000000070dc00000| Untracked |  0
|  77|0x000000070de00000, 0x000000070de00000, 0x000000070e000000|  0%| F|  |TAMS 0x000000070de00000| PB 0x000000070de00000| Untracked |  0
|  78|0x000000070e000000, 0x000000070e000000, 0x000000070e200000|  0%| F|  |TAMS 0x000000070e000000| PB 0x000000070e000000| Untracked |  0
|  79|0x000000070e200000, 0x000000070e200000, 0x000000070e400000|  0%| F|  |TAMS 0x000000070e200000| PB 0x000000070e200000| Untracked |  0
|  80|0x000000070e400000, 0x000000070e400000, 0x000000070e600000|  0%| F|  |TAMS 0x000000070e400000| PB 0x000000070e400000| Untracked |  0
|  81|0x000000070e600000, 0x000000070e600000, 0x000000070e800000|  0%| F|  |TAMS 0x000000070e600000| PB 0x000000070e600000| Untracked |  0
|  82|0x000000070e800000, 0x000000070e800000, 0x000000070ea00000|  0%| F|  |TAMS 0x000000070e800000| PB 0x000000070e800000| Untracked |  0
|  83|0x000000070ea00000, 0x000000070ea00000, 0x000000070ec00000|  0%| F|  |TAMS 0x000000070ea00000| PB 0x000000070ea00000| Untracked |  0
|  84|0x000000070ec00000, 0x000000070ec00000, 0x000000070ee00000|  0%| F|  |TAMS 0x000000070ec00000| PB 0x000000070ec00000| Untracked |  0
|  85|0x000000070ee00000, 0x000000070ee00000, 0x000000070f000000|  0%| F|  |TAMS 0x000000070ee00000| PB 0x000000070ee00000| Untracked |  0
|  86|0x000000070f000000, 0x000000070f000000, 0x000000070f200000|  0%| F|  |TAMS 0x000000070f000000| PB 0x000000070f000000| Untracked |  0
|  87|0x000000070f200000, 0x000000070f200000, 0x000000070f400000|  0%| F|  |TAMS 0x000000070f200000| PB 0x000000070f200000| Untracked |  0
|  88|0x000000070f400000, 0x000000070f400000, 0x000000070f600000|  0%| F|  |TAMS 0x000000070f400000| PB 0x000000070f400000| Untracked |  0
|  89|0x000000070f600000, 0x000000070f600000, 0x000000070f800000|  0%| F|  |TAMS 0x000000070f600000| PB 0x000000070f600000| Untracked |  0
|  90|0x000000070f800000, 0x000000070f800000, 0x000000070fa00000|  0%| F|  |TAMS 0x000000070f800000| PB 0x000000070f800000| Untracked |  0
|  91|0x000000070fa00000, 0x000000070fa00000, 0x000000070fc00000|  0%| F|  |TAMS 0x000000070fa00000| PB 0x000000070fa00000| Untracked |  0
|  92|0x000000070fc00000, 0x000000070fc00000, 0x000000070fe00000|  0%| F|  |TAMS 0x000000070fc00000| PB 0x000000070fc00000| Untracked |  0
|  93|0x000000070fe00000, 0x000000070fe00000, 0x0000000710000000|  0%| F|  |TAMS 0x000000070fe00000| PB 0x000000070fe00000| Untracked |  0
|  94|0x0000000710000000, 0x0000000710000000, 0x0000000710200000|  0%| F|  |TAMS 0x0000000710000000| PB 0x0000000710000000| Untracked |  0
|  95|0x0000000710200000, 0x0000000710200000, 0x0000000710400000|  0%| F|  |TAMS 0x0000000710200000| PB 0x0000000710200000| Untracked |  0
|  96|0x0000000710400000, 0x0000000710400000, 0x0000000710600000|  0%| F|  |TAMS 0x0000000710400000| PB 0x0000000710400000| Untracked |  0
|  97|0x0000000710600000, 0x0000000710600000, 0x0000000710800000|  0%| F|  |TAMS 0x0000000710600000| PB 0x0000000710600000| Untracked |  0
|  98|0x0000000710800000, 0x0000000710800000, 0x0000000710a00000|  0%| F|  |TAMS 0x0000000710800000| PB 0x0000000710800000| Untracked |  0
|  99|0x0000000710a00000, 0x0000000710a00000, 0x0000000710c00000|  0%| F|  |TAMS 0x0000000710a00000| PB 0x0000000710a00000| Untracked |  0
| 100|0x0000000710c00000, 0x0000000710c00000, 0x0000000710e00000|  0%| F|  |TAMS 0x0000000710c00000| PB 0x0000000710c00000| Untracked |  0
| 101|0x0000000710e00000, 0x0000000710e00000, 0x0000000711000000|  0%| F|  |TAMS 0x0000000710e00000| PB 0x0000000710e00000| Untracked |  0
| 102|0x0000000711000000, 0x0000000711000000, 0x0000000711200000|  0%| F|  |TAMS 0x0000000711000000| PB 0x0000000711000000| Untracked |  0
| 103|0x0000000711200000, 0x0000000711200000, 0x0000000711400000|  0%| F|  |TAMS 0x0000000711200000| PB 0x0000000711200000| Untracked |  0
| 104|0x0000000711400000, 0x0000000711400000, 0x0000000711600000|  0%| F|  |TAMS 0x0000000711400000| PB 0x0000000711400000| Untracked |  0
| 105|0x0000000711600000, 0x0000000711600000, 0x0000000711800000|  0%| F|  |TAMS 0x0000000711600000| PB 0x0000000711600000| Untracked |  0
| 106|0x0000000711800000, 0x0000000711800000, 0x0000000711a00000|  0%| F|  |TAMS 0x0000000711800000| PB 0x0000000711800000| Untracked |  0
| 107|0x0000000711a00000, 0x0000000711a00000, 0x0000000711c00000|  0%| F|  |TAMS 0x0000000711a00000| PB 0x0000000711a00000| Untracked |  0
| 108|0x0000000711c00000, 0x0000000711d00000, 0x0000000711e00000| 50%| E|  |TAMS 0x0000000711c00000| PB 0x0000000711c00000| Complete |  0
| 109|0x0000000711e00000, 0x0000000712000000, 0x0000000712000000|100%| E|CS|TAMS 0x0000000711e00000| PB 0x0000000711e00000| Complete |  0
| 110|0x0000000712000000, 0x0000000712200000, 0x0000000712200000|100%| E|CS|TAMS 0x0000000712000000| PB 0x0000000712000000| Complete |  0
| 111|0x0000000712200000, 0x0000000712400000, 0x0000000712400000|100%| E|CS|TAMS 0x0000000712200000| PB 0x0000000712200000| Complete |  0
| 112|0x0000000712400000, 0x0000000712600000, 0x0000000712600000|100%| E|CS|TAMS 0x0000000712400000| PB 0x0000000712400000| Complete |  0
| 113|0x0000000712600000, 0x0000000712800000, 0x0000000712800000|100%| E|CS|TAMS 0x0000000712600000| PB 0x0000000712600000| Complete |  0
| 114|0x0000000712800000, 0x0000000712a00000, 0x0000000712a00000|100%| E|CS|TAMS 0x0000000712800000| PB 0x0000000712800000| Complete |  0
| 115|0x0000000712a00000, 0x0000000712c00000, 0x0000000712c00000|100%| E|CS|TAMS 0x0000000712a00000| PB 0x0000000712a00000| Complete |  0
| 116|0x0000000712c00000, 0x0000000712e00000, 0x0000000712e00000|100%| E|CS|TAMS 0x0000000712c00000| PB 0x0000000712c00000| Complete |  0
| 117|0x0000000712e00000, 0x0000000713000000, 0x0000000713000000|100%| E|CS|TAMS 0x0000000712e00000| PB 0x0000000712e00000| Complete |  0
| 118|0x0000000713000000, 0x0000000713200000, 0x0000000713200000|100%| E|CS|TAMS 0x0000000713000000| PB 0x0000000713000000| Complete |  0
| 119|0x0000000713200000, 0x0000000713400000, 0x0000000713400000|100%| E|CS|TAMS 0x0000000713200000| PB 0x0000000713200000| Complete |  0
| 120|0x0000000713400000, 0x0000000713600000, 0x0000000713600000|100%| E|CS|TAMS 0x0000000713400000| PB 0x0000000713400000| Complete |  0
| 121|0x0000000713600000, 0x0000000713800000, 0x0000000713800000|100%| E|CS|TAMS 0x0000000713600000| PB 0x0000000713600000| Complete |  0
| 122|0x0000000713800000, 0x0000000713a00000, 0x0000000713a00000|100%| E|CS|TAMS 0x0000000713800000| PB 0x0000000713800000| Complete |  0
| 123|0x0000000713a00000, 0x0000000713c00000, 0x0000000713c00000|100%| E|CS|TAMS 0x0000000713a00000| PB 0x0000000713a00000| Complete |  0
| 124|0x0000000713c00000, 0x0000000713e00000, 0x0000000713e00000|100%| E|CS|TAMS 0x0000000713c00000| PB 0x0000000713c00000| Complete |  0
| 125|0x0000000713e00000, 0x0000000714000000, 0x0000000714000000|100%| E|CS|TAMS 0x0000000713e00000| PB 0x0000000713e00000| Complete |  0
|2013|0x00000007ffe00000, 0x00000007fff1c348, 0x0000000800000000| 55%| O|  |TAMS 0x00000007ffe00000| PB 0x00000007ffe00000| Untracked |  0

Card table byte_map: [0x0000016dd73e0000,0x0000016dd7bc0000] _byte_map_base: 0x0000016dd3bbe000

Marking Bits: (CMBitMap*) 0x0000016dbed63910
 Bits: [0x0000016dd7bc0000, 0x0000016ddbab0000)

Polling page: 0x0000016dbcb70000

Metaspace:

Usage:
  Non-class:      7.09 MB used.
      Class:    734.17 KB used.
       Both:      7.81 MB used.

Virtual space:
  Non-class space:       64.00 MB reserved,       7.25 MB ( 11%) committed,  1 nodes.
      Class space:        1.00 GB reserved,     832.00 KB ( <1%) committed,  1 nodes.
             Both:        1.06 GB reserved,       8.06 MB ( <1%) committed. 

Chunk freelists:
   Non-Class:  8.47 MB
       Class:  15.19 MB
        Both:  23.66 MB

MaxMetaspaceSize: unlimited
CompressedClassSpaceSize: 1.00 GB
Initial GC threshold: 21.00 MB
Current GC threshold: 21.00 MB
CDS: on
 - commit_granule_bytes: 65536.
 - commit_granule_words: 8192.
 - virtual_space_node_default_size: 8388608.
 - enlarge_chunks_in_place: 1.
UseCompressedClassPointers 1, UseCompactObjectHeaders 0
Narrow klass pointer bits 32, Max shift 3
Narrow klass base: 0x0000016ddf000000, Narrow klass shift: 0
Encoding Range: [0x0000016ddf000000 - 0x0000016edf000000), (4294967296 bytes)
Klass Range:    [0x0000016ddf000000 - 0x0000016e20000000), (1090519040 bytes)
Klass ID Range:  [8 - 1090519033) (1090519025)


Internal statistics:

num_allocs_failed_limit: 0.
num_arena_births: 200.
num_arena_deaths: 0.
num_vsnodes_births: 2.
num_vsnodes_deaths: 0.
num_space_committed: 129.
num_space_uncommitted: 0.
num_chunks_returned_to_freelist: 0.
num_chunks_taken_from_freelist: 265.
num_chunk_merges: 0.
num_chunk_splits: 157.
num_chunks_enlarged: 62.
num_inconsistent_stats: 0.

CodeHeap 'non-profiled nmethods': size=120064Kb used=628Kb max_used=628Kb free=119435Kb
 bounds [0x0000016dcf060000, 0x0000016dcf2d0000, 0x0000016dd65a0000]
CodeHeap 'profiled nmethods': size=120000Kb used=3090Kb max_used=3090Kb free=116909Kb
 bounds [0x0000016dc75a0000, 0x0000016dc78b0000, 0x0000016dcead0000]
CodeHeap 'non-nmethods': size=5696Kb used=1340Kb max_used=1394Kb free=4355Kb
 bounds [0x0000016dcead0000, 0x0000016dced40000, 0x0000016dcf060000]
CodeCache: size=245760Kb, used=5058Kb, max_used=5112Kb, free=240699Kb
 total_blobs=2601, nmethods=2094, adapters=412, full_count=0
Compilation: enabled, stopped_count=0, restarted_count=0

Compilation events (20 events):
Event: 62.576 Thread 0x0000016dde74bf90 nmethod 2091 0x0000016dc78a2588 code [0x0000016dc78a2820, 0x0000016dc78a3c78]
Event: 62.576 Thread 0x0000016dde748c60 nmethod 2070 0x0000016dcf0f9888 code [0x0000016dcf0f99a0, 0x0000016dcf0f9bb0]
Event: 62.576 Thread 0x0000016dde748c60 2063  s    4       java.io.DataOutputStream::write (14 bytes)
Event: 62.578 Thread 0x0000016dde74bf90 2092       1       jdk.jfr.internal.periodic.EventTask::getEventType (5 bytes)
Event: 62.578 Thread 0x0000016dde74bf90 nmethod 2092 0x0000016dcf0f9c08 code [0x0000016dcf0f9d00, 0x0000016dcf0f9dc8]
Event: 62.578 Thread 0x0000016dde74bf90 2093       1       jdk.jfr.internal.periodic.PeriodicTask::getPeriod (5 bytes)
Event: 62.578 Thread 0x0000016dde74bf90 nmethod 2093 0x0000016dcf0f9f08 code [0x0000016dcf0fa000, 0x0000016dcf0fa0c8]
Event: 62.578 Thread 0x0000016dde74bf90 2094       3       java.util.Comparator$$Lambda/0x0000016de00a38d8::compare (10 bytes)
Event: 62.578 Thread 0x0000016dde74bf90 nmethod 2094 0x0000016dc78a3d08 code [0x0000016dc78a3e60, 0x0000016dc78a42d8]
Event: 62.578 Thread 0x0000016dde74bf90 2095       3       java.util.Comparator::lambda$comparingLong$6043328a$1 (18 bytes)
Event: 62.578 Thread 0x0000016dde748c60 nmethod 2063 0x0000016dcf0fa208 code [0x0000016dcf0fa360, 0x0000016dcf0fab40]
Event: 62.578 Thread 0x0000016dde748c60 2068       4       java.util.LinkedHashMap::get (29 bytes)
Event: 62.578 Thread 0x0000016dde74bf90 nmethod 2095 0x0000016dc78a4308 code [0x0000016dc78a4460, 0x0000016dc78a4840]
Event: 62.583 Thread 0x0000016dde748c60 nmethod 2068 0x0000016dcf0fab88 code [0x0000016dcf0facc0, 0x0000016dcf0fb250]
Event: 62.583 Thread 0x0000016dde748c60 2042       4       jdk.jfr.internal.MetadataDescriptor$Element::addAttribute (23 bytes)
Event: 62.589 Thread 0x0000016dde748c60 nmethod 2042 0x0000016dcf0fb288 code [0x0000016dcf0fb3e0, 0x0000016dcf0fc050]
Event: 62.589 Thread 0x0000016dde748c60 2039       4       java.lang.StringLatin1::writeDigitPair (21 bytes)
Event: 62.590 Thread 0x0000016dde748c60 nmethod 2039 0x0000016dcf0fc108 code [0x0000016dcf0fc220, 0x0000016dcf0fc338]
Event: 62.590 Thread 0x0000016dde748c60 2064       4       jdk.jfr.internal.MetadataWriter::writeInt (148 bytes)
Event: 62.596 Thread 0x0000016dde748c60 nmethod 2064 0x0000016dcf0fc408 code [0x0000016dcf0fc5e0, 0x0000016dcf0fd020]

GC Heap History (0 events):
No events

Dll operation events (12 events):
Event: 0.006 Loaded shared library C:\Users\Lenovo\.jdks\openjdk-24\bin\java.dll
Event: 0.032 Loaded shared library C:\Users\Lenovo\.jdks\openjdk-24\bin\jsvml.dll
Event: 0.063 Loaded shared library C:\Users\Lenovo\.jdks\openjdk-24\bin\zip.dll
Event: 0.067 Loaded shared library C:\Users\Lenovo\.jdks\openjdk-24\bin\instrument.dll
Event: 0.072 Loaded shared library C:\Users\Lenovo\.jdks\openjdk-24\bin\net.dll
Event: 0.075 Loaded shared library C:\Users\Lenovo\.jdks\openjdk-24\bin\nio.dll
Event: 0.079 Loaded shared library C:\Users\Lenovo\.jdks\openjdk-24\bin\zip.dll
Event: 0.104 Loaded shared library C:\Users\Lenovo\.jdks\openjdk-24\bin\extnet.dll
Event: 0.109 Loaded shared library C:\Users\Lenovo\.jdks\openjdk-24\bin\jimage.dll
Event: 0.155 Loaded shared library C:\Users\Lenovo\.jdks\openjdk-24\bin\management.dll
Event: 0.161 Loaded shared library C:\Users\Lenovo\.jdks\openjdk-24\bin\management_ext.dll
Event: 62.221 Loaded shared library C:\Users\Lenovo\AppData\Local\Temp\idea_libasyncProfiler_dll_temp_folder1\libasyncProfiler.dll

Deoptimization events (20 events):
Event: 62.248 Thread 0x0000016dde745010 Uncommon trap: trap_request=0xffffffde fr.pc=0x0000016dcf0a43c8 relative=0x0000000000001b68
Event: 62.248 Thread 0x0000016dde745010 Uncommon trap: reason=class_check action=maybe_recompile pc=0x0000016dcf0a43c8 method=jdk.internal.util.xml.impl.ParserSAX.bflash_ws()V @ 22 c2
Event: 62.248 Thread 0x0000016dde745010 DEOPT PACKING pc=0x0000016dcf0a43c8 sp=0x00000015377feb70
Event: 62.248 Thread 0x0000016dde745010 DEOPT UNPACKING pc=0x0000016dcebe8602 sp=0x00000015377feaf0 mode 2
Event: 62.285 Thread 0x0000016dde745010 Uncommon trap: trap_request=0xffffff4d fr.pc=0x0000016dcf085e64 relative=0x0000000000000a64
Event: 62.285 Thread 0x0000016dde745010 Uncommon trap: reason=unstable_if action=reinterpret pc=0x0000016dcf085e64 method=java.util.HashMap.hash(Ljava/lang/Object;)I @ 1 c2
Event: 62.285 Thread 0x0000016dde745010 DEOPT PACKING pc=0x0000016dcf085e64 sp=0x00000015377fcb10
Event: 62.285 Thread 0x0000016dde745010 DEOPT UNPACKING pc=0x0000016dcebe8602 sp=0x00000015377fca90 mode 2
Event: 62.447 Thread 0x0000016dde745010 Uncommon trap: trap_request=0xffffff4d fr.pc=0x0000016dcf0e56e0 relative=0x00000000000000c0
Event: 62.447 Thread 0x0000016dde745010 Uncommon trap: reason=unstable_if action=reinterpret pc=0x0000016dcf0e56e0 method=jdk.jfr.internal.Type.getKnownType(Ljava/lang/Class;)Ljdk/jfr/internal/Type; @ 47 c2
Event: 62.447 Thread 0x0000016dde745010 DEOPT PACKING pc=0x0000016dcf0e56e0 sp=0x00000015377fe4b0
Event: 62.447 Thread 0x0000016dde745010 DEOPT UNPACKING pc=0x0000016dcebe8602 sp=0x00000015377fe448 mode 2
Event: 62.560 Thread 0x0000016dde745010 Uncommon trap: trap_request=0xffffff4d fr.pc=0x0000016dcf0f4ee4 relative=0x0000000000000064
Event: 62.560 Thread 0x0000016dde745010 Uncommon trap: reason=unstable_if action=reinterpret pc=0x0000016dcf0f4ee4 method=java.io.ByteArrayOutputStream.ensureCapacity(I)V @ 11 c2
Event: 62.560 Thread 0x0000016dde745010 DEOPT PACKING pc=0x0000016dcf0f4ee4 sp=0x00000015377fe910
Event: 62.560 Thread 0x0000016dde745010 DEOPT UNPACKING pc=0x0000016dcebe8602 sp=0x00000015377fe890 mode 2
Event: 62.563 Thread 0x0000016dde745010 Uncommon trap: trap_request=0xffffff4d fr.pc=0x0000016dcf0f53ac relative=0x000000000000020c
Event: 62.563 Thread 0x0000016dde745010 Uncommon trap: reason=unstable_if action=reinterpret pc=0x0000016dcf0f53ac method=java.io.ByteArrayOutputStream.ensureCapacity(I)V @ 11 c2
Event: 62.563 Thread 0x0000016dde745010 DEOPT PACKING pc=0x0000016dcf0f53ac sp=0x00000015377fe860
Event: 62.563 Thread 0x0000016dde745010 DEOPT UNPACKING pc=0x0000016dcebe8602 sp=0x00000015377fe798 mode 2

Classes loaded (20 events):
Event: 62.546 Loading class jdk/jfr/internal/MetadataWriter
Event: 62.546 Loading class jdk/jfr/internal/MetadataWriter done
Event: 62.546 Loading class jdk/jfr/internal/MetadataDescriptor$Element
Event: 62.546 Loading class jdk/jfr/internal/MetadataDescriptor$Element done
Event: 62.546 Loading class jdk/jfr/internal/MetadataDescriptor$Attribute
Event: 62.547 Loading class jdk/jfr/internal/MetadataDescriptor$Attribute done
Event: 62.556 Loading class jdk/jfr/internal/consumer/StringParser$Encoding
Event: 62.556 Loading class jdk/jfr/internal/consumer/StringParser$Encoding done
Event: 62.565 Loading class jdk/jfr/internal/consumer/RepositoryFiles
Event: 62.566 Loading class jdk/jfr/internal/consumer/RepositoryFiles done
Event: 62.570 Loading class jdk/jfr/internal/SettingsManager$InternalSetting
Event: 62.570 Loading class jdk/jfr/internal/SettingsManager$InternalSetting done
Event: 62.572 Loading class jdk/jfr/internal/util/Rate
Event: 62.572 Loading class jdk/jfr/internal/util/Rate done
Event: 62.572 Loading class jdk/jfr/internal/util/TimespanUnit
Event: 62.572 Loading class jdk/jfr/internal/util/TimespanUnit done
Event: 62.573 Loading class jdk/jfr/internal/util/ValueParser
Event: 62.573 Loading class jdk/jfr/internal/util/ValueParser done
Event: 62.575 Loading class jdk/jfr/internal/periodic/PeriodicType
Event: 62.575 Loading class jdk/jfr/internal/periodic/PeriodicType done

Classes unloaded (0 events):
No events

Classes redefined (0 events):
No events

Internal exceptions (20 events):
Event: 0.454 Thread 0x0000016e245f1fc0 Exception <a 'java/lang/NoSuchMethodError'{0x0000000712d1a408}: 'java.lang.Object java.lang.invoke.DirectMethodHandle$Holder.invokeStatic(java.lang.Object, java.lang.Object, java.lang.Object, java.lang.Object, java.lang.Object, java.lang.Object, java.lang.Object, java.lang.Object, java.lang.Object)'> (0x0000000712d1a408) 
thrown [s\open\src\hotspot\share\interpreter\linkResolver.cpp, line 805]
Event: 0.456 Thread 0x0000016e245f1fc0 Exception <a 'java/lang/NoSuchMethodError'{0x0000000712d2d8b8}: 'java.lang.Object java.lang.invoke.Invokers$Holder.invokeExact_MT(java.lang.Object, java.lang.Object, java.lang.Object, java.lang.Object, java.lang.Object, java.lang.Object)'> (0x0000000712d2d8b8) 
thrown [s\open\src\hotspot\share\interpreter\linkResolver.cpp, line 805]
Event: 0.458 Thread 0x0000016e245f1fc0 Exception <a 'java/lang/NoSuchMethodError'{0x0000000712d395f8}: 'java.lang.Object java.lang.invoke.DirectMethodHandle$Holder.invokeInterface(java.lang.Object, java.lang.Object, java.lang.Object, java.lang.Object, java.lang.Object)'> (0x0000000712d395f8) 
thrown [s\open\src\hotspot\share\interpreter\linkResolver.cpp, line 805]
Event: 0.467 Thread 0x0000016e245f1fc0 Exception <a 'java/lang/NoSuchMethodError'{0x0000000712d83f78}: 'double java.lang.invoke.DirectMethodHandle$Holder.invokeInterface(java.lang.Object, java.lang.Object)'> (0x0000000712d83f78) 
thrown [s\open\src\hotspot\share\interpreter\linkResolver.cpp, line 805]
Event: 0.468 Thread 0x0000016e245f1fc0 Exception <a 'java/lang/NoSuchMethodError'{0x0000000712d94be8}: 'double java.lang.invoke.DelegatingMethodHandle$Holder.reinvoke_L(java.lang.Object, java.lang.Object)'> (0x0000000712d94be8) 
thrown [s\open\src\hotspot\share\interpreter\linkResolver.cpp, line 805]
Event: 0.993 Thread 0x0000016e245f1fc0 Exception <a 'java/lang/NoSuchMethodError'{0x0000000712dbc818}: 'long java.lang.invoke.DirectMethodHandle$Holder.invokeVirtual(java.lang.Object, java.lang.Object)'> (0x0000000712dbc818) 
thrown [s\open\src\hotspot\share\interpreter\linkResolver.cpp, line 805]
Event: 0.994 Thread 0x0000016e245f1fc0 Exception <a 'java/lang/NoSuchMethodError'{0x0000000712dc4b08}: 'java.lang.Object java.lang.invoke.DirectMethodHandle$Holder.invokeStatic(java.lang.Object, long)'> (0x0000000712dc4b08) 
thrown [s\open\src\hotspot\share\interpreter\linkResolver.cpp, line 805]
Event: 0.995 Thread 0x0000016e245f1fc0 Exception <a 'java/lang/NoSuchMethodError'{0x0000000712dd4bb0}: 'long java.lang.invoke.DelegatingMethodHandle$Holder.reinvoke_L(java.lang.Object, java.lang.Object)'> (0x0000000712dd4bb0) 
thrown [s\open\src\hotspot\share\interpreter\linkResolver.cpp, line 805]
Event: 62.285 Thread 0x0000016dde745010 Implicit null exception at 0x0000016dcf085439 to 0x0000016dcf085e4c
Event: 62.288 Thread 0x0000016dde745010 Exception <a 'java/lang/NoSuchMethodError'{0x00000007129a17d0}: 'java.lang.Object java.lang.invoke.DirectMethodHandle$Holder.invokeStatic(java.lang.Object, int, java.lang.Object)'> (0x00000007129a17d0) 
thrown [s\open\src\hotspot\share\interpreter\linkResolver.cpp, line 805]
Event: 62.311 Thread 0x0000016dde745010 Exception <a 'java/lang/NoSuchMethodError'{0x00000007129dd198}: 'void java.lang.invoke.DirectMethodHandle$Holder.invokeStaticInit(java.lang.Object)'> (0x00000007129dd198) 
thrown [s\open\src\hotspot\share\interpreter\linkResolver.cpp, line 805]
Event: 62.327 Thread 0x0000016dde745010 Exception <a 'java/lang/NoSuchMethodError'{0x000000071263c0f0}: 'java.lang.Object java.lang.invoke.DirectMethodHandle$Holder.newInvokeSpecial(java.lang.Object, java.lang.Object, java.lang.Object, java.lang.Object, java.lang.Object)'> (0x000000071263c0f0) 
thrown [s\open\src\hotspot\share\interpreter\linkResolver.cpp, line 805]
Event: 62.391 Thread 0x0000016dde745010 Exception <a 'java/lang/NoSuchMethodError'{0x00000007127d0f50}: 'int java.lang.invoke.DirectMethodHandle$Holder.invokeStatic(java.lang.Object, java.lang.Object, java.lang.Object, java.lang.Object)'> (0x00000007127d0f50) 
thrown [s\open\src\hotspot\share\interpreter\linkResolver.cpp, line 805]
Event: 62.523 Thread 0x0000016dde745010 Exception <a 'java/lang/NoSuchMethodError'{0x00000007123cbc70}: 'void java.lang.invoke.DirectMethodHandle$Holder.invokeSpecial(java.lang.Object, java.lang.Object, int)'> (0x00000007123cbc70) 
thrown [s\open\src\hotspot\share\interpreter\linkResolver.cpp, line 805]
Event: 62.524 Thread 0x0000016dde745010 Exception <a 'java/lang/NoSuchMethodError'{0x00000007123d3890}: 'void java.lang.invoke.Invokers$Holder.invokeExact_MT(java.lang.Object, int, java.lang.Object)'> (0x00000007123d3890) 
thrown [s\open\src\hotspot\share\interpreter\linkResolver.cpp, line 805]
Event: 62.528 Thread 0x0000016dde745010 Exception <a 'java/lang/NoSuchMethodError'{0x00000007123ea0e0}: 'void java.lang.invoke.DirectMethodHandle$Holder.invokeStatic(java.lang.Object, java.lang.Object, int)'> (0x00000007123ea0e0) 
thrown [s\open\src\hotspot\share\interpreter\linkResolver.cpp, line 805]
Event: 62.529 Thread 0x0000016dde745010 Exception <a 'java/lang/NoSuchMethodError'{0x00000007123fd258}: 'java.lang.Object java.lang.invoke.DirectMethodHandle$Holder.newInvokeSpecial(java.lang.Object, java.lang.Object, int)'> (0x00000007123fd258) 
thrown [s\open\src\hotspot\share\interpreter\linkResolver.cpp, line 805]
Event: 62.534 Thread 0x0000016dde745010 Exception <a 'sun/nio/fs/WindowsException'{0x0000000712032cc0}> (0x0000000712032cc0) 
thrown [s\open\src\hotspot\share\prims\jni.cpp, line 518]
Event: 62.538 Thread 0x0000016dde745010 Exception <a 'sun/nio/fs/WindowsException'{0x000000071203faf0}> (0x000000071203faf0) 
thrown [s\open\src\hotspot\share\prims\jni.cpp, line 518]
Event: 62.542 Thread 0x0000016dde745010 Exception <a 'sun/nio/fs/WindowsException'{0x0000000712051948}> (0x0000000712051948) 
thrown [s\open\src\hotspot\share\prims\jni.cpp, line 518]

VM Operations (18 events):
Event: 0.118 Executing VM operation: HandshakeAllThreads (Deoptimize)
Event: 0.119 Executing VM operation: HandshakeAllThreads (Deoptimize) done
Event: 0.153 Executing VM operation: HandshakeAllThreads (Deoptimize)
Event: 0.153 Executing VM operation: HandshakeAllThreads (Deoptimize) done
Event: 0.153 Executing VM operation: HandshakeAllThreads (Deoptimize)
Event: 0.153 Executing VM operation: HandshakeAllThreads (Deoptimize) done
Event: 0.391 Executing VM operation: HandshakeAllThreads (Deoptimize)
Event: 0.391 Executing VM operation: HandshakeAllThreads (Deoptimize) done
Event: 0.431 Executing VM operation: HandshakeAllThreads (Deoptimize)
Event: 0.431 Executing VM operation: HandshakeAllThreads (Deoptimize) done
Event: 60.065 Executing VM operation: HandshakeAllThreads (HandshakeForDeflation)
Event: 60.065 Executing VM operation: HandshakeAllThreads (HandshakeForDeflation) done
Event: 60.065 Executing VM operation: RendezvousGCThreads
Event: 60.065 Executing VM operation: RendezvousGCThreads done
Event: 62.531 Executing VM operation: HandshakeAllThreads (Deoptimize)
Event: 62.531 Executing VM operation: HandshakeAllThreads (Deoptimize) done
Event: 62.566 Executing VM operation: JFRSafepointClear
Event: 62.567 Executing VM operation: JFRSafepointClear done

Memory protections (0 events):
No events

Nmethod flushes (0 events):
No events

Events (20 events):
Event: 0.118 Thread 0x0000016dde74bf90 Thread added: 0x0000016dde970360
Event: 0.301 Thread 0x0000016dde970360 Thread added: 0x0000016e24155500
Event: 0.396 Thread 0x0000016dde745010 Thread added: 0x0000016e245f1870
Event: 0.407 Thread 0x0000016e245f1870 Thread added: 0x0000016e245f1fc0
Event: 0.424 Thread 0x0000016e245f1fc0 Thread added: 0x0000016e245f2e60
Event: 0.429 Thread 0x0000016e245f1fc0 Thread added: 0x0000016e245f2710
Event: 0.990 Thread 0x0000016e24155500 Thread exited: 0x0000016e24155500
Event: 0.990 Thread 0x0000016dde970360 Thread exited: 0x0000016dde970360
Event: 1.397 Thread 0x0000016dbc9a3740 Thread added: 0x0000016e245f3d00
Event: 1.397 Thread 0x0000016dbc9a3740 Thread added: 0x0000016e245f4ba0
Event: 1.397 Thread 0x0000016dbc9a3740 Thread added: 0x0000016e2480b710
Event: 1.397 Thread 0x0000016dbc9a3740 Thread added: 0x0000016e2480cd00
Event: 1.398 Thread 0x0000016dbc9a3740 Thread added: 0x0000016e2480e2f0
Event: 1.415 Thread 0x0000016e2480e2f0 Thread exited: 0x0000016e2480e2f0
Event: 1.430 Thread 0x0000016e245f4ba0 Thread exited: 0x0000016e245f4ba0
Event: 1.430 Thread 0x0000016e2480b710 Thread exited: 0x0000016e2480b710
Event: 1.430 Thread 0x0000016e245f3d00 Thread exited: 0x0000016e245f3d00
Event: 1.430 Thread 0x0000016e2480cd00 Thread exited: 0x0000016e2480cd00
Event: 62.305 Thread 0x0000016dde745010 Thread added: 0x0000016e26a3bae0
Event: 62.529 Thread 0x0000016dde745010 Thread added: 0x0000016e26a3b390


Dynamic libraries:
0x00007ff72b530000 - 0x00007ff72b53e000 	C:\Users\Lenovo\.jdks\openjdk-24\bin\java.exe
0x00007ffb8da30000 - 0x00007ffb8dc47000 	C:\Windows\SYSTEM32\ntdll.dll
0x00007ffb8b9a0000 - 0x00007ffb8ba64000 	C:\Windows\System32\KERNEL32.DLL
0x00007ffb8b0e0000 - 0x00007ffb8b4b3000 	C:\Windows\System32\KERNELBASE.dll
0x00007ffb8ab30000 - 0x00007ffb8ac41000 	C:\Windows\System32\ucrtbase.dll
0x00007ffb74f40000 - 0x00007ffb74f56000 	C:\Users\Lenovo\.jdks\openjdk-24\bin\jli.dll
0x00007ffb74f60000 - 0x00007ffb74f7b000 	C:\Users\Lenovo\.jdks\openjdk-24\bin\VCRUNTIME140.dll
0x00007ffb8b730000 - 0x00007ffb8b8e1000 	C:\Windows\System32\USER32.dll
0x00007ffb8aec0000 - 0x00007ffb8aee6000 	C:\Windows\System32\win32u.dll
0x00007ffb72300000 - 0x00007ffb7259b000 	C:\Windows\WinSxS\amd64_microsoft.windows.common-controls_6595b64144ccf1df_6.0.22621.5262_none_2712bde373830908\COMCTL32.dll
0x00007ffb8bf40000 - 0x00007ffb8bf69000 	C:\Windows\System32\GDI32.dll
0x00007ffb8ca20000 - 0x00007ffb8cac7000 	C:\Windows\System32\msvcrt.dll
0x00007ffb8aef0000 - 0x00007ffb8b012000 	C:\Windows\System32\gdi32full.dll
0x00007ffb8b600000 - 0x00007ffb8b69a000 	C:\Windows\System32\msvcp_win.dll
0x00007ffb8c550000 - 0x00007ffb8c581000 	C:\Windows\System32\IMM32.DLL
0x00007ffb84340000 - 0x00007ffb8434c000 	C:\Users\Lenovo\.jdks\openjdk-24\bin\vcruntime140_1.dll
0x00007ffb39b70000 - 0x00007ffb39bfe000 	C:\Users\Lenovo\.jdks\openjdk-24\bin\msvcp140.dll
0x00007ffaa48f0000 - 0x00007ffaa5692000 	C:\Users\Lenovo\.jdks\openjdk-24\bin\server\jvm.dll
0x00007ffb8d7f0000 - 0x00007ffb8d8a1000 	C:\Windows\System32\ADVAPI32.dll
0x00007ffb8b8f0000 - 0x00007ffb8b997000 	C:\Windows\System32\sechost.dll
0x00007ffb8b6a0000 - 0x00007ffb8b6c8000 	C:\Windows\System32\bcrypt.dll
0x00007ffb8c900000 - 0x00007ffb8ca14000 	C:\Windows\System32\RPCRT4.dll
0x00007ffb8c7f0000 - 0x00007ffb8c861000 	C:\Windows\System32\WS2_32.dll
0x00007ffb8aa00000 - 0x00007ffb8aa4d000 	C:\Windows\SYSTEM32\POWRPROF.dll
0x00007ffb72910000 - 0x00007ffb7291a000 	C:\Windows\SYSTEM32\VERSION.dll
0x00007ffb88520000 - 0x00007ffb88554000 	C:\Windows\SYSTEM32\WINMM.dll
0x00007ffb8a9e0000 - 0x00007ffb8a9f3000 	C:\Windows\SYSTEM32\UMPDC.dll
0x00007ffb89b30000 - 0x00007ffb89b48000 	C:\Windows\SYSTEM32\kernel.appcore.dll
0x00007ffb74f30000 - 0x00007ffb74f3a000 	C:\Users\Lenovo\.jdks\openjdk-24\bin\jimage.dll
0x00007ffb882a0000 - 0x00007ffb884d2000 	C:\Windows\SYSTEM32\DBGHELP.DLL
0x00007ffb8bf70000 - 0x00007ffb8c303000 	C:\Windows\System32\combase.dll
0x00007ffb8c320000 - 0x00007ffb8c3f7000 	C:\Windows\System32\OLEAUT32.dll
0x00007ffb884e0000 - 0x00007ffb88512000 	C:\Windows\SYSTEM32\dbgcore.DLL
0x00007ffb8ac50000 - 0x00007ffb8accb000 	C:\Windows\System32\bcryptPrimitives.dll
0x00007ffb74f20000 - 0x00007ffb74f2f000 	C:\Users\Lenovo\.jdks\openjdk-24\bin\instrument.dll
0x00007ffb74bd0000 - 0x00007ffb74bee000 	C:\Users\Lenovo\.jdks\openjdk-24\bin\java.dll
0x00007ffb8c640000 - 0x00007ffb8c7e1000 	C:\Windows\System32\ole32.dll
0x00007ffb8cf50000 - 0x00007ffb8d7ed000 	C:\Windows\System32\SHELL32.dll
0x00007ffb8b4c0000 - 0x00007ffb8b5ff000 	C:\Windows\System32\wintypes.dll
0x00007ffb88a20000 - 0x00007ffb8933d000 	C:\Windows\SYSTEM32\windows.storage.dll
0x00007ffb8be30000 - 0x00007ffb8bf3b000 	C:\Windows\System32\SHCORE.dll
0x00007ffb8d900000 - 0x00007ffb8d966000 	C:\Windows\System32\shlwapi.dll
0x00007ffb8aa60000 - 0x00007ffb8aa8b000 	C:\Windows\SYSTEM32\profapi.dll
0x00007ffb38990000 - 0x00007ffb38a67000 	C:\Users\Lenovo\.jdks\openjdk-24\bin\jsvml.dll
0x00007ffb74bb0000 - 0x00007ffb74bc7000 	C:\Users\Lenovo\.jdks\openjdk-24\bin\zip.dll
0x00007ffb74ba0000 - 0x00007ffb74bb0000 	C:\Users\Lenovo\.jdks\openjdk-24\bin\net.dll
0x00007ffb89fa0000 - 0x00007ffb8a00a000 	C:\Windows\system32\mswsock.dll
0x00007ffb74b80000 - 0x00007ffb74b96000 	C:\Users\Lenovo\.jdks\openjdk-24\bin\nio.dll
0x00007ffb74a70000 - 0x00007ffb74a79000 	C:\Users\Lenovo\.jdks\openjdk-24\bin\extnet.dll
0x00007ffb89610000 - 0x00007ffb89708000 	C:\Windows\SYSTEM32\DNSAPI.dll
0x00007ffb895a0000 - 0x00007ffb895cd000 	C:\Windows\SYSTEM32\IPHLPAPI.DLL
0x00007ffb8c520000 - 0x00007ffb8c529000 	C:\Windows\System32\NSI.dll
0x00007ffb84e80000 - 0x00007ffb84e8a000 	C:\Windows\System32\rasadhlp.dll
0x00007ffb823e0000 - 0x00007ffb82463000 	C:\Windows\System32\fwpuclnt.dll
0x00007ffb74790000 - 0x00007ffb7479a000 	C:\Users\Lenovo\.jdks\openjdk-24\bin\management.dll
0x00007ffb74780000 - 0x00007ffb7478b000 	C:\Users\Lenovo\.jdks\openjdk-24\bin\management_ext.dll
0x00007ffb8ba70000 - 0x00007ffb8ba78000 	C:\Windows\System32\PSAPI.DLL
0x00007ffb8a290000 - 0x00007ffb8a2ab000 	C:\Windows\SYSTEM32\CRYPTSP.dll
0x00007ffb89a90000 - 0x00007ffb89ac7000 	C:\Windows\system32\rsaenh.dll
0x00007ffb8a040000 - 0x00007ffb8a068000 	C:\Windows\SYSTEM32\USERENV.dll
0x00007ffb8a1a0000 - 0x00007ffb8a1ac000 	C:\Windows\SYSTEM32\CRYPTBASE.dll
0x00007ffae38b0000 - 0x00007ffae38c7000 	C:\Windows\system32\napinsp.dll
0x00007ffae3890000 - 0x00007ffae38ab000 	C:\Windows\system32\pnrpnsp.dll
0x00007ffae3870000 - 0x00007ffae3881000 	C:\Windows\System32\winrnr.dll
0x00007ffb83040000 - 0x00007ffb83055000 	C:\Windows\system32\wshbth.dll
0x00007ffb82be0000 - 0x00007ffb82c01000 	C:\Windows\system32\nlansp_c.dll
0x00007ffa386c0000 - 0x00007ffa388ce000 	C:\Users\Lenovo\AppData\Local\Temp\idea_libasyncProfiler_dll_temp_folder1\libasyncProfiler.dll

dbghelp: loaded successfully - version: 4.0.5 - missing functions: none
symbol engine: initialized successfully - sym options: 0x614 - pdb path: .;C:\Users\Lenovo\.jdks\openjdk-24\bin;C:\Windows\SYSTEM32;C:\Windows\WinSxS\amd64_microsoft.windows.common-controls_6595b64144ccf1df_6.0.22621.5262_none_2712bde373830908;C:\Users\Lenovo\.jdks\openjdk-24\bin\server;C:\Users\Lenovo\AppData\Local\Temp\idea_libasyncProfiler_dll_temp_folder1

VM Arguments:
jvm_args: -javaagent:C:\Users\Lenovo\AppData\Local\JetBrains\IntelliJ IDEA 2024.3.5\lib\idea_rt.jar=58311 -Dfile.encoding=UTF-8 -Dsun.stdout.encoding=UTF-8 -Dsun.stderr.encoding=UTF-8 
java_command: Main
java_class_path (initial): C:\Users\Lenovo\IdeaProjects\Synchronization\out\production\Synchronization
Launcher Type: SUN_STANDARD

[Global flags]
     intx CICompilerCount                          = 4                                         {product} {ergonomic}
     uint ConcGCThreads                            = 3                                         {product} {ergonomic}
     bool FlightRecorder                           = true                                      {product} {management}
     uint G1ConcRefinementThreads                  = 10                                        {product} {ergonomic}
   size_t G1HeapRegionSize                         = 2097152                                   {product} {ergonomic}
   size_t InitialHeapSize                          = 264241152                                 {product} {ergonomic}
   size_t MarkStackSize                            = 4194304                                   {product} {ergonomic}
   size_t MarkStackSizeMax                         = 536870912                                 {product} {ergonomic}
   size_t MaxHeapSize                              = 4223664128                                {product} {ergonomic}
   size_t MaxNewSize                               = 2533359616                                {product} {ergonomic}
   size_t MinHeapDeltaBytes                        = 2097152                                   {product} {ergonomic}
   size_t MinHeapSize                              = 8388608                                   {product} {ergonomic}
    uintx NonNMethodCodeHeapSize                   = 5832704                                {pd product} {ergonomic}
    uintx NonProfiledCodeHeapSize                  = 122945536                              {pd product} {ergonomic}
    uintx ProfiledCodeHeapSize                     = 122880000                              {pd product} {ergonomic}
    uintx ReservedCodeCacheSize                    = 251658240                              {pd product} {ergonomic}
     bool SegmentedCodeCache                       = true                                      {product} {ergonomic}
   size_t SoftMaxHeapSize                          = 4223664128                             {manageable} {ergonomic}
     bool UseCompressedOops                        = true                           {product lp64_product} {ergonomic}
     bool UseG1GC                                  = true                                      {product} {ergonomic}
     bool UseLargePagesIndividualAllocation        = false                                  {pd product} {ergonomic}

Logging:
Log output configuration:
 #0: stdout all=warning uptime,level,tags foldmultilines=false
 #1: stderr all=off uptime,level,tags foldmultilines=false

Environment Variables:
PATH=C:\Program Files (x86)\Common Files\Oracle\Java\javapath;C:\Windows\system32;C:\Windows;C:\Windows\System32\Wbem;C:\Windows\System32\WindowsPowerShell\v1.0\;C:\Windows\System32\OpenSSH\;C:\Program Files\dotnet\;C:\Program Files\Docker\Docker\resources\bin;C:\Program Files\Git\cmd;C:\Program Files\nodejs\;C:\Users\Lenovo\AppData\Local\Programs\Python\Launcher\;C:\Users\Lenovo\AppData\Local\Microsoft\WindowsApps;C:\Users\Lenovo\AppData\Local\Programs\Microsoft VS Code\bin;C:\Users\Lenovo\.dotnet\tools;C:\Program Files\qemu;C:\MinGW\bin;C:\php;C:\Program Files\JetBrains\PhpStorm 2024.2.3\bin;;C:\Users\Lenovo\source\repos\os_laba3\bin\Debug\net7.0;C:\Users\Lenovo\AppData\Roaming\npm;C:\Users\Lenovo\AppData\Local\JetBrains\IntelliJ IDEA 2024.3.5\bin;
USERNAME=Lenovo
OS=Windows_NT
PROCESSOR_IDENTIFIER=Intel64 Family 6 Model 154 Stepping 4, GenuineIntel
TMP=C:\Users\Lenovo\AppData\Local\Temp
TEMP=C:\Users\Lenovo\AppData\Local\Temp




Periodic native trim disabled

---------------  S Y S T E M  ---------------

OS:
 Windows 11 , 64 bit Build 22621 (10.0.22621.5262)
OS uptime: 7 days 12:35 hours
Hyper-V role detected

CPU: total 12 (initial active 12) (6 cores per cpu, 2 threads per core) family 6 model 154 stepping 4 microcode 0x41c, cx8, cmov, fxsr, ht, mmx, 3dnowpref, sse, sse2, sse3, ssse3, sse4.1, sse4.2, popcnt, lzcnt, tsc, tscinvbit, avx, avx2, aes, erms, clmul, bmi1, bmi2, adx, sha, fma, vzeroupper, clflush, clflushopt, clwb, hv, serialize, rdtscp, rdpid, fsrm, gfni, f16c, cet_ibt, cet_ss
Processor Information for processor 0
  Max Mhz: 1300, Current Mhz: 1300, Mhz Limit: 1300
Processor Information for processor 1
  Max Mhz: 1300, Current Mhz: 1300, Mhz Limit: 1300
Processor Information for processor 2
  Max Mhz: 1300, Current Mhz: 1300, Mhz Limit: 1300
Processor Information for processor 3
  Max Mhz: 1300, Current Mhz: 1300, Mhz Limit: 1300
Processor Information for processor 4
  Max Mhz: 900, Current Mhz: 900, Mhz Limit: 900
Processor Information for processor 5
  Max Mhz: 900, Current Mhz: 900, Mhz Limit: 900
Processor Information for processor 6
  Max Mhz: 900, Current Mhz: 900, Mhz Limit: 900
Processor Information for processor 7
  Max Mhz: 900, Current Mhz: 900, Mhz Limit: 900
Processor Information for processor 8
  Max Mhz: 900, Current Mhz: 900, Mhz Limit: 900
Processor Information for processor 9
  Max Mhz: 900, Current Mhz: 900, Mhz Limit: 900
Processor Information for processor 10
  Max Mhz: 900, Current Mhz: 900, Mhz Limit: 900
Processor Information for processor 11
  Max Mhz: 900, Current Mhz: 900, Mhz Limit: 900

Memory: 4k page, system-wide physical 16108M (368M free)
TotalPageFile size 28935M (AvailPageFile size 3216M)
current process WorkingSet (physical memory assigned to process): 101M, peak: 102M
current process commit charge ("private bytes"): 396M, peak: 397M

vm_info: OpenJDK 64-Bit Server VM (24+36-3646) for windows-amd64 JRE (24+36-3646), built on 2025-02-06T00:20:43Z with MS VC++ 17.6 (VS2022)

END.
